<?xml version="1.0" encoding="UTF-8"?>
<testsuite xmlns:xsi="http://www.w3.org/2001/XMLSchema-instance" xsi:noNamespaceSchemaLocation="https://maven.apache.org/surefire/maven-surefire-plugin/xsd/surefire-test-report-3.0.xsd" version="3.0" name="bdd.runners.TestRunner" time="51.298" tests="4" errors="0" skipped="0" failures="0">
  <properties>
[...]
</properties>
  <testcase name="runScenario[&quot;User Login with valid credentials&quot;, &quot;Login Functionality&quot;](1)" classname="bdd.runners.TestRunner" time="9.755">
    <system-out><![CDATA[
Scenario: User Login with valid credentials                                           # src/test/resources/features/Login.feature:3
  Given User is on the Home Page                                                      # bdd.stepdefinitions.LoginSteps.user_is_on_the_login_page()
  And User clicks on Login Button                                                     # bdd.stepdefinitions.LoginSteps.user_clicks()
  When User enters username "vishalkalal1994@gmail.com" and password "Demo1234567890" # bdd.stepdefinitions.LoginSteps.enter_username_Password(java.lang.String,java.lang.String)
  And User clicks on login button                                                     # bdd.stepdefinitions.LoginSteps.button_click()
  Then User Should see the home Page title                                            # bdd.stepdefinitions.LoginSteps.home_page_title()
]]></system-out>
    <system-err><![CDATA[SLF4J: Failed to load class "org.slf4j.impl.StaticLoggerBinder".
SLF4J: Defaulting to no-operation (NOP) logger implementation
SLF4J: See http://www.slf4j.org/codes.html#StaticLoggerBinder for further details.
Oct 16, 2025 4:44:15 PM org.openqa.selenium.devtools.CdpVersionFinder findNearestMatch
WARNING: Unable to find CDP implementation matching 141
Oct 16, 2025 4:44:15 PM org.openqa.selenium.chromium.ChromiumDriver lambda$new$5
WARNING: Unable to find version of CDP to use for 141.0.7390.77. You may need to include a dependency on a specific version of the CDP using something similar to `org.seleniumhq.selenium:selenium-devtools-v86:4.22.0` where the version ("v86") matches the version of the chromium-based browser you're using and the version number of the artifact is the same as Selenium's.
]]></system-err>
  </testcase>
  <testcase name="runScenario[&quot;User Login with invalid credentials&quot;, &quot;Login Functionality&quot;](2)" classname="bdd.runners.TestRunner" time="8.386">
    <system-out><![CDATA[
Scenario: User Login with invalid credentials                                         # src/test/resources/features/Login.feature:10
  Given User is on the Home Page                                                      # bdd.stepdefinitions.LoginSteps.user_is_on_the_login_page()
  And User clicks on Login Button                                                     # bdd.stepdefinitions.LoginSteps.user_clicks()
  When User enters username "vishalkalal1991@gmail.com" and password "Demo1234567890" # bdd.stepdefinitions.LoginSteps.enter_username_Password(java.lang.String,java.lang.String)
  And User clicks on login button                                                     # bdd.stepdefinitions.LoginSteps.button_click()
Actual Error msg is:Your email or password is incorrect!
  Then User should get error "Your email or password is incorrect!"                   # bdd.stepdefinitions.LoginSteps.user_should_get_error(java.lang.String)
]]></system-out>
    <system-err><![CDATA[Oct 16, 2025 4:44:24 PM org.openqa.selenium.devtools.CdpVersionFinder findNearestMatch
WARNING: Unable to find CDP implementation matching 141
Oct 16, 2025 4:44:24 PM org.openqa.selenium.chromium.ChromiumDriver lambda$new$5
WARNING: Unable to find version of CDP to use for 141.0.7390.77. You may need to include a dependency on a specific version of the CDP using something similar to `org.seleniumhq.selenium:selenium-devtools-v86:4.22.0` where the version ("v86") matches the version of the chromium-based browser you're using and the version number of the artifact is the same as Selenium's.
]]></system-err>
  </testcase>
  <testcase name="runScenario[&quot;Verify the navigation from Home Page to Product Page&quot;, &quot;Product Functionality&quot;](3)" classname="bdd.runners.TestRunner" time="18.769">
    <system-out><![CDATA[
Scenario: Verify the navigation from Home Page to Product Page                                                   # src/test/resources/features/Product.feature:6
  Given User Logged in with valid credentials username "vishalkalal1994@gmail.com" and password "Demo1234567890" # bdd.stepdefinitions.ProdSteps.home_page(java.lang.String,java.lang.String)
  When User click on product page                                                                                # bdd.stepdefinitions.ProdSteps.product_button()
  Then User should see the product page title                                                                    # bdd.stepdefinitions.ProdSteps.product_title()
]]></system-out>
    <system-err><![CDATA[Oct 16, 2025 4:44:33 PM org.openqa.selenium.devtools.CdpVersionFinder findNearestMatch
WARNING: Unable to find CDP implementation matching 141
Oct 16, 2025 4:44:33 PM org.openqa.selenium.chromium.ChromiumDriver lambda$new$5
WARNING: Unable to find version of CDP to use for 141.0.7390.77. You may need to include a dependency on a specific version of the CDP using something similar to `org.seleniumhq.selenium:selenium-devtools-v86:4.22.0` where the version ("v86") matches the version of the chromium-based browser you're using and the version number of the artifact is the same as Selenium's.
]]></system-err>
  </testcase>
  <testcase name="runScenario[&quot;Search the product and get the number of products&quot;, &quot;Product Functionality&quot;](4)" classname="bdd.runners.TestRunner" time="13.354">
    <system-out><![CDATA[
Scenario: Search the product and get the number of products                                                      # src/test/resources/features/Product.feature:10
  Given User Logged in with valid credentials username "vishalkalal1994@gmail.com" and password "Demo1234567890" # bdd.stepdefinitions.ProdSteps.home_page(java.lang.String,java.lang.String)
  When User navigates to the Product page                                                                        # bdd.stepdefinitions.ProdSteps.navigates()
Searching for product: Tops
  And User search for the "Tops"                                                                                 # bdd.stepdefinitions.ProdSteps.search(java.lang.String)
  When User submits the search                                                                                   # bdd.stepdefinitions.ProdSteps.searchclick()
Number of Products:13
  Then Get the number of images displayed                                                                        # bdd.stepdefinitions.ProdSteps.num_of_products()
]]></system-out>
    <system-err><![CDATA[Oct 16, 2025 4:44:51 PM org.openqa.selenium.devtools.CdpVersionFinder findNearestMatch
WARNING: Unable to find CDP implementation matching 141
Oct 16, 2025 4:44:51 PM org.openqa.selenium.chromium.ChromiumDriver lambda$new$5
WARNING: Unable to find version of CDP to use for 141.0.7390.77. You may need to include a dependency on a specific version of the CDP using something similar to `org.seleniumhq.selenium:selenium-devtools-v86:4.22.0` where the version ("v86") matches the version of the chromium-based browser you're using and the version number of the artifact is the same as Selenium's.
]]></system-err>
  </testcase>
</testsuite>