<?xml version="1.0" encoding="UTF-8"?>
<testng-results ignored="0" total="4" passed="4" failed="0" skipped="0">
  <reporter-output>
  </reporter-output>
  <suite started-at="2025-10-16T16:44:13 GMT-04:00" name="Surefire suite" finished-at="2025-10-16T16:45:04 GMT-04:00" duration-ms="50833">
    <groups>
      <group name="cucumber">
        <method signature="AbstractTestNGCucumberTests.runScenario(io.cucumber.testng.PickleWrapper,io.cucumber.testng.FeatureWrapper)[pri:0, instance:bdd.runners.TestRunner@15c43bd9]" name="runScenario" class="io.cucumber.testng.AbstractTestNGCucumberTests"/>
      </group> <!-- cucumber -->
    </groups>
    <test started-at="2025-10-16T16:44:13 GMT-04:00" name="Surefire test" finished-at="2025-10-16T16:45:04 GMT-04:00" duration-ms="50833">
      <class name="bdd.runners.TestRunner">
        <test-method is-config="true" signature="setUpClass(org.testng.ITestContext)[pri:0, instance:bdd.runners.TestRunner@15c43bd9]" started-at="2025-10-16T16:44:13 GMT-04:00" name="setUpClass" finished-at="2025-10-16T16:44:14 GMT-04:00" duration-ms="510" status="PASS">
          <params>
            <param index="0">
              <value>
                <![CDATA[org.testng.TestRunner@4068102e]]>
              </value>
            </param>
          </params>
          <reporter-output>
          </reporter-output>
        </test-method> <!-- setUpClass -->
        <test-method signature="runScenario(io.cucumber.testng.PickleWrapper,io.cucumber.testng.FeatureWrapper)[pri:0, instance:bdd.runners.TestRunner@15c43bd9]" started-at="2025-10-16T16:44:14 GMT-04:00" name="runScenario" description="Runs Cucumber Scenarios" data-provider="scenarios" finished-at="2025-10-16T16:44:23 GMT-04:00" duration-ms="9745" status="PASS">
          <params>
            <param index="0">
              <value>
                <![CDATA["User Login with valid credentials"]]>
              </value>
            </param>
            <param index="1">
              <value>
                <![CDATA["Login Functionality"]]>
              </value>
            </param>
          </params>
          <reporter-output>
          </reporter-output>
        </test-method> <!-- runScenario -->
        <test-method signature="runScenario(io.cucumber.testng.PickleWrapper,io.cucumber.testng.FeatureWrapper)[pri:0, instance:bdd.runners.TestRunner@15c43bd9]" started-at="2025-10-16T16:44:23 GMT-04:00" name="runScenario" description="Runs Cucumber Scenarios" data-provider="scenarios" finished-at="2025-10-16T16:44:32 GMT-04:00" duration-ms="8376" status="PASS">
          <params>
            <param index="0">
              <value>
                <![CDATA["User Login with invalid credentials"]]>
              </value>
            </param>
            <param index="1">
              <value>
                <![CDATA["Login Functionality"]]>
              </value>
            </param>
          </params>
          <reporter-output>
          </reporter-output>
        </test-method> <!-- runScenario -->
        <test-method signature="runScenario(io.cucumber.testng.PickleWrapper,io.cucumber.testng.FeatureWrapper)[pri:0, instance:bdd.runners.TestRunner@15c43bd9]" started-at="2025-10-16T16:44:32 GMT-04:00" name="runScenario" description="Runs Cucumber Scenarios" data-provider="scenarios" finished-at="2025-10-16T16:44:50 GMT-04:00" duration-ms="18775" status="PASS">
          <params>
            <param index="0">
              <value>
                <![CDATA["Verify the navigation from Home Page to Product Page"]]>
              </value>
            </param>
            <param index="1">
              <value>
                <![CDATA["Product Functionality"]]>
              </value>
            </param>
          </params>
          <reporter-output>
          </reporter-output>
        </test-method> <!-- runScenario -->
        <test-method signature="runScenario(io.cucumber.testng.PickleWrapper,io.cucumber.testng.FeatureWrapper)[pri:0, instance:bdd.runners.TestRunner@15c43bd9]" started-at="2025-10-16T16:44:50 GMT-04:00" name="runScenario" description="Runs Cucumber Scenarios" data-provider="scenarios" finished-at="2025-10-16T16:45:04 GMT-04:00" duration-ms="13352" status="PASS">
          <params>
            <param index="0">
              <value>
                <![CDATA["Search the product and get the number of products"]]>
              </value>
            </param>
            <param index="1">
              <value>
                <![CDATA["Product Functionality"]]>
              </value>
            </param>
          </params>
          <reporter-output>
          </reporter-output>
        </test-method> <!-- runScenario -->
        <test-method is-config="true" signature="tearDownClass()[pri:0, instance:bdd.runners.TestRunner@15c43bd9]" started-at="2025-10-16T16:45:04 GMT-04:00" name="tearDownClass" finished-at="2025-10-16T16:45:04 GMT-04:00" duration-ms="20" status="PASS">
          <reporter-output>
          </reporter-output>
        </test-method> <!-- tearDownClass -->
      </class> <!-- bdd.runners.TestRunner -->
    </test> <!-- Surefire test -->
  </suite> <!-- Surefire suite -->
</testng-results>
